#
# There is insufficient memory for the Java Runtime Environment to continue.
# Native memory allocation (malloc) failed to allocate 316976 bytes for Chunk::new
# Possible reasons:
#   The system is out of physical RAM or swap space
#   In 32 bit mode, the process size limit was hit
# Possible solutions:
#   Reduce memory load on the system
#   Increase physical memory or swap space
#   Check if swap backing store is full
#   Use 64 bit Java on a 64 bit OS
#   Decrease Java heap size (-Xmx/-Xms)
#   Decrease number of Java threads
#   Decrease Java thread stack sizes (-Xss)
#   Set larger code cache with -XX:ReservedCodeCacheSize=
# This output file may be truncated or incomplete.
#
#  Out of Memory Error (allocation.cpp:390), pid=7092, tid=0x0000000000000894
#
# JRE version: OpenJDK Runtime Environment (8.0_152-b06) (build 1.8.0_152-release-1136-b06)
# Java VM: OpenJDK 64-Bit Server VM (25.152-b06 mixed mode windows-amd64 compressed oops)
# Failed to write core dump. Minidumps are not enabled by default on client versions of Windows
#

---------------  T H R E A D  ---------------

Current thread (0x0000000015cb0800):  JavaThread "C2 CompilerThread1" daemon [_thread_in_native, id=2196, stack(0x00000000173f0000,0x00000000174f0000)]

Stack: [0x00000000173f0000,0x00000000174f0000]
[error occurred during error reporting (printing stack bounds), id 0xc0000005]

Native frames: (J=compiled Java code, j=interpreted, Vv=VM code, C=native code)


Current CompileTask:
C2: 975254 14712       4       org.gradle.model.internal.registry.DefaultModelRegistry$TransitionNodeToState::calculateDependencies (112 bytes)


---------------  P R O C E S S  ---------------

Java Threads: ( => current thread )
  0x000000001b35e800 JavaThread "Task worker for ':' Thread 3" [_thread_new, id=2940, stack(0x0000000023220000,0x0000000023320000)]
  0x000000001b35b000 JavaThread "Task worker for ':' Thread 2" [_thread_new, id=4392, stack(0x0000000023220000,0x0000000023220000)]
  0x000000001b35a000 JavaThread "Task worker for ':'" [_thread_blocked, id=6344, stack(0x0000000023020000,0x0000000023120000)]
  0x000000001b35d000 JavaThread "Cache worker for Build Output Cleanup Cache (C:\Users\noclip\AndroidStudioProjects\AppNavShop\.gradle\buildOutputCleanup)" [_thread_in_vm, id=7120, stack(0x0000000022d20000,0x0000000022e20000)]
  0x000000001b356000 JavaThread "Cache worker for task history cache (C:\Users\noclip\AndroidStudioProjects\AppNavShop\.gradle\4.6\taskHistory)" [_thread_blocked, id=5404, stack(0x0000000022c20000,0x0000000022d20000)]
  0x000000001b357800 JavaThread "Cache worker for file content cache (C:\Users\noclip\AndroidStudioProjects\AppNavShop\.gradle\4.6\fileContent)" [_thread_blocked, id=2092, stack(0x0000000022920000,0x0000000022a20000)]
  0x000000001b359800 JavaThread "Build operations Thread 4" [_thread_blocked, id=3244, stack(0x0000000022820000,0x0000000022920000)]
  0x000000001b358800 JavaThread "Build operations Thread 3" [_thread_blocked, id=7124, stack(0x0000000020270000,0x0000000020370000)]
  0x000000001b357000 JavaThread "Build operations Thread 2" [_thread_blocked, id=3836, stack(0x0000000020010000,0x0000000020110000)]
  0x000000001b352800 JavaThread "Build operations" [_thread_blocked, id=2804, stack(0x000000001ff10000,0x0000000020010000)]
  0x000000001b354800 JavaThread "Cache worker for Artifact transforms cache (C:\Users\noclip\.gradle\caches\transforms-1)" [_thread_blocked, id=7148, stack(0x000000001f810000,0x000000001f910000)]
  0x000000001b355800 JavaThread "Cache worker for file hash cache (C:\Users\noclip\AndroidStudioProjects\AppNavShop\.gradle\4.6\fileHashes)" [_thread_blocked, id=6044, stack(0x000000001e2b0000,0x000000001e3b0000)]
  0x000000001b351000 JavaThread "Stdin handler" [_thread_blocked, id=6656, stack(0x000000001cd30000,0x000000001ce30000)]
  0x000000001b354000 JavaThread "Asynchronous log dispatcher for DefaultDaemonConnection: socket connection from /127.0.0.1:28491 to /127.0.0.1:29184" [_thread_blocked, id=3964, stack(0x000000001ba60000,0x000000001bb60000)]
  0x000000001b353000 JavaThread "Cancel handler" [_thread_blocked, id=3868, stack(0x000000001a290000,0x000000001a390000)]
  0x000000001b350000 JavaThread "Handler for socket connection from /127.0.0.1:28491 to /127.0.0.1:29184" [_thread_in_native, id=4380, stack(0x0000000019f90000,0x000000001a090000)]
  0x0000000018e6f800 JavaThread "Daemon worker Thread 2" [_thread_in_native, id=2744, stack(0x000000001a390000,0x000000001a490000)]
  0x0000000018e70000 JavaThread "Daemon Thread 2" [_thread_blocked, id=900, stack(0x0000000019e90000,0x0000000019f90000)]
  0x0000000018e72800 JavaThread "pool-1-thread-1" [_thread_blocked, id=6548, stack(0x000000001fe10000,0x000000001ff10000)]
  0x00000000190d9800 JavaThread "Memory manager" [_thread_blocked, id=4100, stack(0x000000001fd10000,0x000000001fe10000)]
  0x0000000018e36000 JavaThread "File lock request listener" [_thread_in_native, id=7100, stack(0x000000001a990000,0x000000001aa90000)]
  0x0000000018d9f800 JavaThread "Cache worker for file hash cache (C:\Users\noclip\.gradle\caches\4.6\fileHashes)" [_thread_blocked, id=728, stack(0x000000001a890000,0x000000001a990000)]
  0x0000000018bfa800 JavaThread "Daemon periodic checks" [_thread_blocked, id=2164, stack(0x0000000019d90000,0x0000000019e90000)]
  0x0000000018c0c000 JavaThread "Incoming local TCP Connector on port 28491" [_thread_in_native, id=6564, stack(0x00000000198a0000,0x00000000199a0000)]
  0x0000000015d0e800 JavaThread "Service Thread" daemon [_thread_blocked, id=5948, stack(0x00000000179f0000,0x0000000017af0000)]
  0x0000000015cc3800 JavaThread "C1 CompilerThread2" daemon [_thread_blocked, id=6952, stack(0x00000000174f0000,0x00000000175f0000)]
=>0x0000000015cb0800 JavaThread "C2 CompilerThread1" daemon [_thread_in_native, id=2196, stack(0x00000000173f0000,0x00000000174f0000)]
  0x0000000015cab800 JavaThread "C2 CompilerThread0" daemon [_thread_in_native, id=5632, stack(0x00000000172f0000,0x00000000173f0000)]
  0x0000000015ca9000 JavaThread "Attach Listener" daemon [_thread_blocked, id=6624, stack(0x00000000171f0000,0x00000000172f0000)]
  0x0000000015ca8000 JavaThread "Signal Dispatcher" daemon [_thread_blocked, id=6768, stack(0x00000000170f0000,0x00000000171f0000)]
  0x000000000233c000 JavaThread "Finalizer" daemon [_thread_blocked, id=6472, stack(0x0000000016f10000,0x0000000017010000)]
  0x0000000002331800 JavaThread "Reference Handler" daemon [_thread_blocked, id=1716, stack(0x0000000016e10000,0x0000000016f10000)]
  0x000000000220e800 JavaThread "main" [_thread_blocked, id=5456, stack(0x00000000020d0000,0x00000000021d0000)]

Other Threads:
  0x0000000015c74800 VMThread [stack: 0x0000000016d10000,0x0000000016e10000] [id=5136]
  0x000000001761c800 WatcherThread [stack: 0x0000000017af0000,0x0000000017bf0000] [id=4480]

VM state:not at safepoint (normal execution)

VM Mutex/Monitor currently owned by a thread: None

Heap:
 PSYoungGen      total 338944K, used 132077K [0x00000000e0000000, 0x00000000f6800000, 0x0000000100000000)
  eden space 316416K, 41% used [0x00000000e0000000,0x00000000e7fd8628,0x00000000f3500000)
  from space 22528K, 5% used [0x00000000f5000000,0x00000000f5122f98,0x00000000f6600000)
  to   space 26112K, 0% used [0x00000000f3500000,0x00000000f3500000,0x00000000f4e80000)
 ParOldGen       total 90112K, used 46434K [0x00000000a0000000, 0x00000000a5800000, 0x00000000e0000000)
  object space 90112K, 51% used [0x00000000a0000000,0x00000000a2d58bc8,0x00000000a5800000)
 Metaspace       used 80678K, capacity 83748K, committed 84008K, reserved 1122304K
  class space    used 10395K, capacity 11047K, committed 11056K, reserved 1048576K

Card table byte_map: [0x0000000011700000,0x0000000011a10000] byte_map_base: 0x0000000011200000

Marking Bits: (ParMarkBitMap*) 0x000000006fcb5aa0
 Begin Bits: [0x0000000012010000, 0x0000000013810000)
 End Bits:   [0x0000000013810000, 0x0000000015010000)

Polling page: 0x00000000007c0000

CodeCache: size=245760Kb used=39721Kb max_used=40404Kb free=206038Kb
 bounds [0x0000000002340000, 0x0000000004b00000, 0x0000000011340000]
 total_blobs=12968 nmethods=12112 adapters=767
 compilation: enabled

Compilation events (10 events):
Event: 975.124 Thread 0x0000000015cc3800 14727       3       org.gradle.tooling.internal.provider.runner.ClientForwardingTaskOperationListener::toTaskDescriptor (52 bytes)
Event: 975.126 Thread 0x0000000015cc3800 nmethod 14727 0x00000000042c4f10 code [0x00000000042c50e0, 0x00000000042c5b48]
Event: 975.126 Thread 0x0000000015cc3800 14728       3       org.gradle.internal.logging.sink.ProgressLogEventGenerator$Operation::doOutput (66 bytes)
Event: 975.126 Thread 0x0000000015cab800 nmethod 14726 0x0000000004764450 code [0x00000000047645c0, 0x0000000004764998]
Event: 975.127 Thread 0x0000000015cab800 14725       4       org.gradle.model.internal.type.ClassTypeWrapper::isAssignableFrom (14 bytes)
Event: 975.127 Thread 0x0000000015cc3800 nmethod 14728 0x0000000002a741d0 code [0x0000000002a743c0, 0x0000000002a74b38]
Event: 975.129 Thread 0x0000000015cab800 nmethod 14725 0x000000000473f810 code [0x000000000473f960, 0x000000000473faf8]
Event: 975.130 Thread 0x0000000015cab800 14729       4       sun.nio.cs.UTF_8$Decoder::decodeArrayLoop (691 bytes)
Event: 975.132 Thread 0x0000000015cc3800 14730       3       com.google.common.base.CaseFormat::to (26 bytes)
Event: 975.133 Thread 0x0000000015cc3800 nmethod 14730 0x0000000004151550 code [0x0000000004151700, 0x0000000004151c08]

GC Heap History (10 events):
Event: 29.309 GC heap before
{Heap before GC invocations=13 (full 2):
 PSYoungGen      total 226304K, used 21101K [0x00000000e0000000, 0x00000000efa80000, 0x0000000100000000)
  eden space 209408K, 2% used [0x00000000e0000000,0x00000000e0423370,0x00000000ecc80000)
  from space 16896K, 99% used [0x00000000ee280000,0x00000000ef2f8318,0x00000000ef300000)
  to   space 22528K, 0% used [0x00000000ecc80000,0x00000000ecc80000,0x00000000ee280000)
 ParOldGen       total 68096K, used 30203K [0x00000000a0000000, 0x00000000a4280000, 0x00000000e0000000)
  object space 68096K, 44% used [0x00000000a0000000,0x00000000a1d7efc0,0x00000000a4280000)
 Metaspace       used 57397K, capacity 59052K, committed 59160K, reserved 1099776K
  class space    used 7640K, capacity 8039K, committed 8112K, reserved 1048576K
Event: 29.353 GC heap after
Heap after GC invocations=13 (full 2):
 PSYoungGen      total 231936K, used 288K [0x00000000e0000000, 0x00000000f6600000, 0x0000000100000000)
  eden space 209408K, 0% used [0x00000000e0000000,0x00000000e0000000,0x00000000ecc80000)
  from space 22528K, 1% used [0x00000000ecc80000,0x00000000eccc8000,0x00000000ee280000)
  to   space 22528K, 0% used [0x00000000f5000000,0x00000000f5000000,0x00000000f6600000)
 ParOldGen       total 68096K, used 46985K [0x00000000a0000000, 0x00000000a4280000, 0x00000000e0000000)
  object space 68096K, 68% used [0x00000000a0000000,0x00000000a2de2720,0x00000000a4280000)
 Metaspace       used 57397K, capacity 59052K, committed 59160K, reserved 1099776K
  class space    used 7640K, capacity 8039K, committed 8112K, reserved 1048576K
}
Event: 29.353 GC heap before
{Heap before GC invocations=14 (full 3):
 PSYoungGen      total 231936K, used 288K [0x00000000e0000000, 0x00000000f6600000, 0x0000000100000000)
  eden space 209408K, 0% used [0x00000000e0000000,0x00000000e0000000,0x00000000ecc80000)
  from space 22528K, 1% used [0x00000000ecc80000,0x00000000eccc8000,0x00000000ee280000)
  to   space 22528K, 0% used [0x00000000f5000000,0x00000000f5000000,0x00000000f6600000)
 ParOldGen       total 68096K, used 46985K [0x00000000a0000000, 0x00000000a4280000, 0x00000000e0000000)
  object space 68096K, 68% used [0x00000000a0000000,0x00000000a2de2720,0x00000000a4280000)
 Metaspace       used 57397K, capacity 59052K, committed 59160K, reserved 1099776K
  class space    used 7640K, capacity 8039K, committed 8112K, reserved 1048576K
Event: 29.646 GC heap after
Heap after GC invocations=14 (full 3):
 PSYoungGen      total 231936K, used 0K [0x00000000e0000000, 0x00000000f6600000, 0x0000000100000000)
  eden space 209408K, 0% used [0x00000000e0000000,0x00000000e0000000,0x00000000ecc80000)
  from space 22528K, 0% used [0x00000000ecc80000,0x00000000ecc80000,0x00000000ee280000)
  to   space 22528K, 0% used [0x00000000f5000000,0x00000000f5000000,0x00000000f6600000)
 ParOldGen       total 90112K, used 28412K [0x00000000a0000000, 0x00000000a5800000, 0x00000000e0000000)
  object space 90112K, 31% used [0x00000000a0000000,0x00000000a1bbf3f0,0x00000000a5800000)
 Metaspace       used 57397K, capacity 59052K, committed 59160K, reserved 1099776K
  class space    used 7640K, capacity 8039K, committed 8112K, reserved 1048576K
}
Event: 894.060 GC heap before
{Heap before GC invocations=15 (full 3):
 PSYoungGen      total 231936K, used 209408K [0x00000000e0000000, 0x00000000f6600000, 0x0000000100000000)
  eden space 209408K, 100% used [0x00000000e0000000,0x00000000ecc80000,0x00000000ecc80000)
  from space 22528K, 0% used [0x00000000ecc80000,0x00000000ecc80000,0x00000000ee280000)
  to   space 22528K, 0% used [0x00000000f5000000,0x00000000f5000000,0x00000000f6600000)
 ParOldGen       total 90112K, used 28412K [0x00000000a0000000, 0x00000000a5800000, 0x00000000e0000000)
  object space 90112K, 31% used [0x00000000a0000000,0x00000000a1bbf3f0,0x00000000a5800000)
 Metaspace       used 62098K, capacity 64176K, committed 64296K, reserved 1105920K
  class space    used 8206K, capacity 8687K, committed 8752K, reserved 1048576K
Event: 894.165 GC heap after
Heap after GC invocations=15 (full 3):
 PSYoungGen      total 338944K, used 21286K [0x00000000e0000000, 0x00000000f6800000, 0x0000000100000000)
  eden space 316416K, 0% used [0x00000000e0000000,0x00000000e0000000,0x00000000f3500000)
  from space 22528K, 94% used [0x00000000f5000000,0x00000000f64c99b8,0x00000000f6600000)
  to   space 26112K, 0% used [0x00000000f3500000,0x00000000f3500000,0x00000000f4e80000)
 ParOldGen       total 90112K, used 28420K [0x00000000a0000000, 0x00000000a5800000, 0x00000000e0000000)
  object space 90112K, 31% used [0x00000000a0000000,0x00000000a1bc13f0,0x00000000a5800000)
 Metaspace       used 62098K, capacity 64176K, committed 64296K, reserved 1105920K
  class space    used 8206K, capacity 8687K, committed 8752K, reserved 1048576K
}
Event: 939.166 GC heap before
{Heap before GC invocations=16 (full 3):
 PSYoungGen      total 338944K, used 337692K [0x00000000e0000000, 0x00000000f6800000, 0x0000000100000000)
  eden space 316416K, 99% used [0x00000000e0000000,0x00000000f34fd838,0x00000000f3500000)
  from space 22528K, 94% used [0x00000000f5000000,0x00000000f64c99b8,0x00000000f6600000)
  to   space 26112K, 0% used [0x00000000f3500000,0x00000000f3500000,0x00000000f4e80000)
 ParOldGen       total 90112K, used 28420K [0x00000000a0000000, 0x00000000a5800000, 0x00000000e0000000)
  object space 90112K, 31% used [0x00000000a0000000,0x00000000a1bc13f0,0x00000000a5800000)
 Metaspace       used 70714K, capacity 73052K, committed 73256K, reserved 1112064K
  class space    used 9142K, capacity 9669K, committed 9776K, reserved 1048576K
Event: 939.229 GC heap after
Heap after GC invocations=16 (full 3):
 PSYoungGen      total 342528K, used 15626K [0x00000000e0000000, 0x00000000f6800000, 0x0000000100000000)
  eden space 316416K, 0% used [0x00000000e0000000,0x00000000e0000000,0x00000000f3500000)
  from space 26112K, 59% used [0x00000000f3500000,0x00000000f4442ab8,0x00000000f4e80000)
  to   space 22528K, 0% used [0x00000000f5000000,0x00000000f5000000,0x00000000f6600000)
 ParOldGen       total 90112K, used 35200K [0x00000000a0000000, 0x00000000a5800000, 0x00000000e0000000)
  object space 90112K, 39% used [0x00000000a0000000,0x00000000a22602d8,0x00000000a5800000)
 Metaspace       used 70714K, capacity 73052K, committed 73256K, reserved 1112064K
  class space    used 9142K, capacity 9669K, committed 9776K, reserved 1048576K
}
Event: 940.093 GC heap before
{Heap before GC invocations=17 (full 3):
 PSYoungGen      total 342528K, used 332042K [0x00000000e0000000, 0x00000000f6800000, 0x0000000100000000)
  eden space 316416K, 100% used [0x00000000e0000000,0x00000000f3500000,0x00000000f3500000)
  from space 26112K, 59% used [0x00000000f3500000,0x00000000f4442ab8,0x00000000f4e80000)
  to   space 22528K, 0% used [0x00000000f5000000,0x00000000f5000000,0x00000000f6600000)
 ParOldGen       total 90112K, used 35200K [0x00000000a0000000, 0x00000000a5800000, 0x00000000e0000000)
  object space 90112K, 39% used [0x00000000a0000000,0x00000000a22602d8,0x00000000a5800000)
 Metaspace       used 71518K, capacity 73880K, committed 74024K, reserved 1114112K
  class space    used 9240K, capacity 9761K, committed 9776K, reserved 1048576K
Event: 940.113 GC heap after
Heap after GC invocations=17 (full 3):
 PSYoungGen      total 338944K, used 1163K [0x00000000e0000000, 0x00000000f6800000, 0x0000000100000000)
  eden space 316416K, 0% used [0x00000000e0000000,0x00000000e0000000,0x00000000f3500000)
  from space 22528K, 5% used [0x00000000f5000000,0x00000000f5122f98,0x00000000f6600000)
  to   space 26112K, 0% used [0x00000000f3500000,0x00000000f3500000,0x00000000f4e80000)
 ParOldGen       total 90112K, used 46434K [0x00000000a0000000, 0x00000000a5800000, 0x00000000e0000000)
  object space 90112K, 51% used [0x00000000a0000000,0x00000000a2d58bc8,0x00000000a5800000)
 Metaspace       used 71518K, capacity 73880K, committed 74024K, reserved 1114112K
  class space    used 9240K, capacity 9761K, committed 9776K, reserved 1048576K
}

Deoptimization events (10 events):
Event: 944.055 Thread 0x0000000018e7b800 Uncommon trap: reason=bimorphic action=maybe_recompile pc=0x0000000003d86654 method=com.sun.org.apache.xerces.internal.dom.NodeImpl.appendChild(Lorg/w3c/dom/Node;)Lorg/w3c/dom/Node; @ 3
Event: 944.055 Thread 0x0000000018e7b800 Uncommon trap: reason=bimorphic action=maybe_recompile pc=0x0000000003d95280 method=com.sun.org.apache.xerces.internal.dom.CoreDocumentImpl.isKidOK(Lorg/w3c/dom/Node;Lorg/w3c/dom/Node;)Z @ 39
Event: 944.072 Thread 0x0000000018e6f800 Uncommon trap: reason=null_check action=make_not_entrant pc=0x000000000386fdc8 method=java.lang.ThreadLocal$ThreadLocalMap.set(Ljava/lang/ThreadLocal;Ljava/lang/Object;)V @ 36
Event: 974.753 Thread 0x0000000018e6f800 Uncommon trap: reason=array_check action=maybe_recompile pc=0x00000000033e143c method=com.google.common.collect.ImmutableSet.construct(I[Ljava/lang/Object;)Lcom/google/common/collect/ImmutableSet; @ 122
Event: 974.757 Thread 0x0000000018e6f800 Uncommon trap: reason=array_check action=maybe_recompile pc=0x00000000033e143c method=com.google.common.collect.ImmutableSet.construct(I[Ljava/lang/Object;)Lcom/google/common/collect/ImmutableSet; @ 122
Event: 974.757 Thread 0x0000000018e6f800 Uncommon trap: reason=array_check action=maybe_recompile pc=0x00000000033e143c method=com.google.common.collect.ImmutableSet.construct(I[Ljava/lang/Object;)Lcom/google/common/collect/ImmutableSet; @ 122
Event: 974.757 Thread 0x0000000018e6f800 Uncommon trap: reason=array_check action=maybe_recompile pc=0x00000000033e143c method=com.google.common.collect.ImmutableSet.construct(I[Ljava/lang/Object;)Lcom/google/common/collect/ImmutableSet; @ 122
Event: 974.988 Thread 0x0000000018e6f800 Uncommon trap: reason=unstable_if action=reinterpret pc=0x0000000003ca4d44 method=com.google.common.collect.AbstractMapBasedMultimap.wrapCollection(Ljava/lang/Object;Ljava/util/Collection;)Ljava/util/Collection; @ 4
Event: 974.988 Thread 0x0000000018e6f800 Uncommon trap: reason=class_check action=maybe_recompile pc=0x0000000003ca62f0 method=com.google.common.collect.AbstractMapBasedMultimap$WrappedCollection.refreshIfEmpty()V @ 40
Event: 975.131 Thread 0x0000000018e6f800 Uncommon trap: reason=class_check action=maybe_recompile pc=0x0000000003da5fc4 method=com.sun.org.apache.xerces.internal.dom.ParentNode.getChildNodes()Lorg/w3c/dom/NodeList; @ 8

Classes redefined (0 events):
No events

Internal exceptions (10 events):
Event: 943.342 Thread 0x000000001b351000 Exception <a 'sun/nio/fs/WindowsException'> (0x00000000e4870570) thrown at [D:\src\AOSP-openjdk-cygwin\jdk8u\hotspot\src\share\vm\prims\jni.cpp, line 709]
Event: 943.364 Thread 0x000000001b351000 Exception <a 'sun/nio/fs/WindowsException'> (0x00000000e4879a68) thrown at [D:\src\AOSP-openjdk-cygwin\jdk8u\hotspot\src\share\vm\prims\jni.cpp, line 709]
Event: 943.574 Thread 0x000000001b354800 Exception <a 'sun/nio/fs/WindowsException'> (0x00000000e4e14858) thrown at [D:\src\AOSP-openjdk-cygwin\jdk8u\hotspot\src\share\vm\prims\jni.cpp, line 709]
Event: 943.674 Thread 0x000000001b355800 Implicit null exception at 0x0000000003077faf to 0x00000000030780a1
Event: 943.674 Thread 0x000000001b353000 Implicit null exception at 0x0000000003077faf to 0x00000000030780a1
Event: 943.674 Thread 0x000000001b352800 Implicit null exception at 0x0000000003077faf to 0x00000000030780a1
Event: 943.857 Thread 0x000000001b355800 Exception <a 'sun/nio/fs/WindowsException'> (0x00000000e5ac3e98) thrown at [D:\src\AOSP-openjdk-cygwin\jdk8u\hotspot\src\share\vm\prims\jni.cpp, line 709]
Event: 943.990 Thread 0x000000001b351000 Exception <a 'java/lang/NoSuchMethodError': java.lang.Object.lambda$comparing$ea9a8b3a$1(Ljava/util/Comparator;Ljava/util/function/Function;Ljava/lang/Object;Ljava/lang/Object;)I> (0x00000000e5f3de28) thrown at [D:\src\AOSP-openjdk-cygwin\jdk8u\hotspot\sr
Event: 944.072 Thread 0x0000000018e6f800 Implicit null exception at 0x000000000386fabb to 0x000000000386fd9d
Event: 974.947 Thread 0x0000000018e6f800 Exception <a 'sun/nio/fs/WindowsException'> (0x00000000e760cad0) thrown at [D:\src\AOSP-openjdk-cygwin\jdk8u\hotspot\src\share\vm\prims\jni.cpp, line 709]

Events (10 events):
Event: 974.988 Thread 0x0000000018e6f800 DEOPT UNPACKING pc=0x000000000238557b sp=0x000000001a48c1b0 mode 2
Event: 975.071 Thread 0x000000001b357800 Thread added: 0x000000001b357800
Event: 975.120 Thread 0x000000001b356000 Thread added: 0x000000001b356000
Event: 975.122 Thread 0x000000001b35d000 Thread added: 0x000000001b35d000
Event: 975.124 Thread 0x000000001b35a000 Thread added: 0x000000001b35a000
Event: 975.124 Thread 0x000000001b35b000 Thread added: 0x000000001b35b000
Event: 975.124 Thread 0x000000001b35e800 Thread added: 0x000000001b35e800
Event: 975.131 Thread 0x0000000018e6f800 Uncommon trap: trap_request=0xffffffde fr.pc=0x0000000003da5fc4
Event: 975.131 Thread 0x0000000018e6f800 DEOPT PACKING pc=0x0000000003da5fc4 sp=0x000000001a48ac60
Event: 975.131 Thread 0x0000000018e6f800 DEOPT UNPACKING pc=0x000000000238557b sp=0x000000001a48ac48 mode 2


Dynamic libraries:
0x00007ff72acb0000 - 0x00007ff72ace1000 	C:\Program Files\Android\Android Studio\jre\bin\java.exe
0x00007ffcd20b0000 - 0x00007ffcd225c000 	C:\Windows\SYSTEM32\ntdll.dll
0x00007ffcd1e40000 - 0x00007ffcd1f7e000 	C:\Windows\system32\KERNEL32.DLL
0x00007ffccf5b0000 - 0x00007ffccf6c5000 	C:\Windows\system32\KERNELBASE.dll
0x00007ffcd1b70000 - 0x00007ffcd1c1a000 	C:\Windows\system32\ADVAPI32.dll
0x00007ffccfca0000 - 0x00007ffccfe17000 	C:\Windows\system32\USER32.dll
0x00007ffccbcc0000 - 0x00007ffccbf3b000 	C:\Windows\WinSxS\amd64_microsoft.windows.common-controls_6595b64144ccf1df_6.0.9600.17415_none_6240486fecbd8abb\COMCTL32.dll
0x00007ffccf8f0000 - 0x00007ffccf99a000 	C:\Windows\system32\msvcrt.dll
0x00007ffccf730000 - 0x00007ffccf789000 	C:\Windows\SYSTEM32\sechost.dll
0x00007ffcd1a20000 - 0x00007ffcd1b61000 	C:\Windows\system32\RPCRT4.dll
0x00007ffcd1640000 - 0x00007ffcd1791000 	C:\Windows\system32\GDI32.dll
0x00007ffcd1e00000 - 0x00007ffcd1e36000 	C:\Windows\system32\IMM32.DLL
0x00007ffccf790000 - 0x00007ffccf8e3000 	C:\Windows\system32\MSCTF.dll
0x000000006eb80000 - 0x000000006ec52000 	C:\Program Files\Android\Android Studio\jre\jre\bin\msvcr100.dll
0x000000006f4f0000 - 0x000000006fd31000 	C:\Program Files\Android\Android Studio\jre\jre\bin\server\jvm.dll
0x00007ffcc76e0000 - 0x00007ffcc76e9000 	C:\Windows\SYSTEM32\WSOCK32.dll
0x00007ffccc5e0000 - 0x00007ffccc602000 	C:\Windows\SYSTEM32\WINMM.dll
0x00007ffccc640000 - 0x00007ffccc64a000 	C:\Windows\SYSTEM32\VERSION.dll
0x00007ffcd2040000 - 0x00007ffcd2047000 	C:\Windows\system32\PSAPI.DLL
0x00007ffccfe20000 - 0x00007ffccfe7a000 	C:\Windows\system32\WS2_32.dll
0x00007ffccc530000 - 0x00007ffccc55a000 	C:\Windows\SYSTEM32\WINMMBASE.dll
0x00007ffccf9a0000 - 0x00007ffccf9a9000 	C:\Windows\system32\NSI.dll
0x00007ffccf380000 - 0x00007ffccf3cf000 	C:\Windows\SYSTEM32\cfgmgr32.dll
0x00007ffccdff0000 - 0x00007ffcce018000 	C:\Windows\SYSTEM32\DEVOBJ.dll
0x00007ffcc69f0000 - 0x00007ffcc69ff000 	C:\Program Files\Android\Android Studio\jre\jre\bin\verify.dll
0x00007ffcbda50000 - 0x00007ffcbda79000 	C:\Program Files\Android\Android Studio\jre\jre\bin\java.dll
0x00007ffcc53b0000 - 0x00007ffcc53c6000 	C:\Program Files\Android\Android Studio\jre\jre\bin\zip.dll
0x00007ffccfea0000 - 0x00007ffcd13b9000 	C:\Windows\system32\SHELL32.dll
0x00007ffcd13c0000 - 0x00007ffcd15d1000 	C:\Windows\SYSTEM32\combase.dll
0x00007ffcd15e0000 - 0x00007ffcd1634000 	C:\Windows\system32\SHLWAPI.dll
0x00007ffccd9e0000 - 0x00007ffccda92000 	C:\Windows\SYSTEM32\SHCORE.dll
0x00007ffccf200000 - 0x00007ffccf215000 	C:\Windows\SYSTEM32\profapi.dll
0x00007ffcc02b0000 - 0x00007ffcc02ca000 	C:\Program Files\Android\Android Studio\jre\jre\bin\net.dll
0x00007ffccea10000 - 0x00007ffccea69000 	C:\Windows\system32\mswsock.dll
0x00007ffcbc6d0000 - 0x00007ffcbc6e1000 	C:\Program Files\Android\Android Studio\jre\jre\bin\nio.dll
0x00007ffccbb10000 - 0x00007ffccbb2e000 	C:\Users\noclip\.gradle\native\25\windows-amd64\native-platform.dll
0x00007ffcbd0c0000 - 0x00007ffcbd0cd000 	C:\Program Files\Android\Android Studio\jre\jre\bin\management.dll
0x00007ffccea70000 - 0x00007ffccea90000 	C:\Windows\SYSTEM32\CRYPTSP.dll
0x00007ffcce690000 - 0x00007ffcce6c6000 	C:\Windows\system32\rsaenh.dll
0x00007ffccecc0000 - 0x00007ffccece6000 	C:\Windows\SYSTEM32\bcrypt.dll
0x00007ffcce7a0000 - 0x00007ffcce7c1000 	C:\Windows\SYSTEM32\USERENV.dll
0x00007ffccf000000 - 0x00007ffccf063000 	C:\Windows\system32\bcryptprimitives.dll
0x00007ffccf070000 - 0x00007ffccf07b000 	C:\Windows\SYSTEM32\CRYPTBASE.dll
0x00007ffccb600000 - 0x00007ffccb62a000 	C:\Windows\SYSTEM32\IPHLPAPI.DLL
0x00007ffccb5e0000 - 0x00007ffccb5ea000 	C:\Windows\SYSTEM32\WINNSI.DLL
0x00007ffcc8ea0000 - 0x00007ffcc8eb6000 	C:\Windows\SYSTEM32\dhcpcsvc6.DLL
0x00007ffccb440000 - 0x00007ffccb45a000 	C:\Windows\SYSTEM32\dhcpcsvc.DLL

VM Arguments:
jvm_args: -Xmx1536m -Dfile.encoding=windows-1251 -Duser.country=RU -Duser.language=ru -Duser.variant 
java_command: org.gradle.launcher.daemon.bootstrap.GradleDaemon 4.6
java_class_path (initial): C:\Users\noclip\.gradle\wrapper\dists\gradle-4.6-all\bcst21l2brirad8k2ben1letg\gradle-4.6\lib\gradle-launcher-4.6.jar
Launcher Type: SUN_STANDARD

Environment Variables:
JAVA_HOME=C:\Program Files\Java\jdk1.8.0_172
PATH=C:\Program Files (x86)\Common Files\Oracle\Java\javapath;C:\Program Files (x86)\Xuggle\bin;c:\Program Files (x86)\AMD APP\bin\x86_64;c:\Program Files (x86)\AMD APP\bin\x86;C:\ProgramData\Oracle\Java\javapath;c:\Program Files (x86)\Intel\iCLS Client\;c:\Program Files\Intel\iCLS Client\;C:\Windows\system32;C:\Windows;C:\Windows\System32\Wbem;C:\Windows\System32\WindowsPowerShell\v1.0\;C:\Program Files\Intel\Intel(R) Management Engine Components\DAL;C:\Program Files\Intel\Intel(R) Management Engine Components\IPT;C:\Program Files (x86)\Intel\Intel(R) Management Engine Components\DAL;C:\Program Files (x86)\Intel\Intel(R) Management Engine Components\IPT;c:\Program Files (x86)\ATI Technologies\ATI.ACE\Core-Static;C:\Program Files\MySQL\MySQL Utilities 1.6\;F:\ATI.ACE\Core-Static;F:\Git\cmd;C:\Program Files\Java\jdk1.8.0_172\bin\;C:\Program Files\Java\jre-9.0.4\;C:\Program Files (x86)\Java\jre6;F:/php7;F:\composer;C:\Users\noclip\AppData\Local\GitHubDesktop\bin;F:\heroku\bin;C:\Users\noclip\AppData\Roaming\Composer\vendor\bin
USERNAME=noclip
OS=Windows_NT
PROCESSOR_IDENTIFIER=Intel64 Family 6 Model 58 Stepping 9, GenuineIntel



---------------  S Y S T E M  ---------------

OS: Windows 8.1 , 64 bit Build 9600 (6.3.9600.17415)

CPU:total 4 (initial active 4) (2 cores per cpu, 2 threads per core) family 6 model 58 stepping 9, cmov, cx8, fxsr, mmx, sse, sse2, sse3, ssse3, sse4.1, sse4.2, popcnt, avx, aes, clmul, erms, ht, tsc, tscinvbit, tscinv

Memory: 4k page, physical 6181148k(713504k free), swap 9326876k(5008k free)

vm_info: OpenJDK 64-Bit Server VM (25.152-b06) for windows-amd64 JRE (1.8.0_152-release-1136-b06), built by "builder" with MS VC++ 10.0 (VS2010)

time: Wed Jan 30 13:21:59 2019
elapsed time: 975 seconds (0d 0h 16m 15s)

